Using pre-set license
Built from '2020.3/staging' branch; Version is '2020.3.13f1 (71691879b7f5) revision 7432472'; Using compiler version '192528614'; Build Type 'Release'
OS: 'Windows 10 Pro; OS build 19043.1165; Version 2009; 64bit' Language: 'es' Physical Memory: 16309 MB
BatchMode: 1, IsHumanControllingUs: 0, StartBugReporterOnCrash: 0, Is64bit: 1, IsPro: 0

 COMMAND LINE ARGUMENTS:
C:\Program Files\Unity\Hub\Editor\2020.3.13f1\Editor\Unity.exe
-adb2
-batchMode
-noUpm
-name
AssetImportWorker0
-projectPath
D:/repositorios/Proyecto-MOBA/ProyectoUnity/Shader Graph
-logFile
Logs/AssetImportWorker0.log
-srvPort
1490
Successfully changed project path to: D:/repositorios/Proyecto-MOBA/ProyectoUnity/Shader Graph
D:/repositorios/Proyecto-MOBA/ProyectoUnity/Shader Graph
Using Asset Import Pipeline V2.
Refreshing native plugins compatible for Editor in 131.68 ms, found 2 plugins.
Preloading 0 native plugins for Editor in 0.00 ms.
Initialize engine version: 2020.3.13f1 (71691879b7f5)
[Subsystems] Discovering subsystems at path C:/Program Files/Unity/Hub/Editor/2020.3.13f1/Editor/Data/Resources/UnitySubsystems
[Subsystems] Discovering subsystems at path D:/repositorios/Proyecto-MOBA/ProyectoUnity/Shader Graph/Assets
GfxDevice: creating device client; threaded=0
Direct3D:
    Version:  Direct3D 11.0 [level 11.1]
    Renderer: NVIDIA GeForce GTX 1650 SUPER (ID=0x2187)
    Vendor:   
    VRAM:     3955 MB
    Driver:   30.0.14.7168
Initialize mono
Mono path[0] = 'C:/Program Files/Unity/Hub/Editor/2020.3.13f1/Editor/Data/Managed'
Mono path[1] = 'C:/Program Files/Unity/Hub/Editor/2020.3.13f1/Editor/Data/MonoBleedingEdge/lib/mono/unityjit'
Mono config path = 'C:/Program Files/Unity/Hub/Editor/2020.3.13f1/Editor/Data/MonoBleedingEdge/etc'
Using monoOptions --debugger-agent=transport=dt_socket,embedding=1,server=y,suspend=n,address=127.0.0.1:56120
Begin MonoManager ReloadAssembly
Registering precompiled unity dll's ...
Register platform support module: C:/Program Files/Unity/Hub/Editor/2020.3.13f1/Editor/Data/PlaybackEngines/WindowsStandaloneSupport/UnityEditor.WindowsStandalone.Extensions.dll
Registered in 0.002662 seconds.
Native extension for WindowsStandalone target not found
Refreshing native plugins compatible for Editor in 64.07 ms, found 2 plugins.
Preloading 0 native plugins for Editor in 0.00 ms.
Mono: successfully reloaded assembly
- Completed reload, in  5.073 seconds
Platform modules already initialized, skipping
Registering precompiled user dll's ...
Registered in 0.006183 seconds.
Begin MonoManager ReloadAssembly
Native extension for WindowsStandalone target not found
Refreshing native plugins compatible for Editor in 63.76 ms, found 2 plugins.
Preloading 0 native plugins for Editor in 0.00 ms.
Mono: successfully reloaded assembly
- Completed reload, in  1.736 seconds
Platform modules already initialized, skipping
========================================================================
Worker process is ready to serve import requests
Shader 'Universal Render Pipeline/Particles/Lit': fallback shader 'Universal Render Pipeline/Particles/SimpleLit' not found
Shader 'Universal Render Pipeline/Particles/Lit': fallback shader 'Universal Render Pipeline/Particles/SimpleLit' not found
Launched and connected shader compiler UnityShaderCompiler.exe after 0.05 seconds
Refreshing native plugins compatible for Editor in 0.54 ms, found 2 plugins.
Preloading 0 native plugins for Editor in 0.00 ms.
Unloading 2696 Unused Serialized files (Serialized files now loaded: 0)
System memory in use before: 121.6 MB.
System memory in use after: 118.8 MB.

Unloading 54 unused Assets to reduce memory usage. Loaded Objects now: 3093.
Total: 4.581600 ms (FindLiveObjects: 0.236000 ms CreateObjectMapping: 0.077200 ms MarkObjects: 2.685000 ms  DeleteObjects: 1.581000 ms)

AssetImportParameters requested are different than current active one (requested -> active):
  custom:framework-win-MediaFoundation: 216162199b28c13a410421893ffa2e32 -> 
  custom:video-decoder-ogg-theora: a1e56fd34408186e4bbccfd4996cb3dc -> 
  custom:container-muxer-webm: aa71ff27fc2769a1b78a27578f13a17b -> 
  custom:container-demuxer-webm: 4f35f7cbe854078d1ac9338744f61a02 -> 
  custom:container-demuxer-ogg: 62fdf1f143b41e24485cea50d1cbac27 -> 
  custom:video-encoder-webm-vp8: eb34c28f22e8b96e1ab97ce403110664 -> 
  custom:video-decoder-webm-vp8: 9c59270c3fd7afecdb556c50c9e8de78 -> 
  custom:audio-decoder-ogg-vorbis: bf7c407c2cedff20999df2af8eb42d56 -> 
  custom:audio-encoder-webm-vorbis: bf7c407c2cedff20999df2af8eb42d56 -> 
========================================================================
Received Import Request.
  path: Assets/Readme.asset
  artifactKey: Guid(83c2ed844a8c74b779a4c823d16594b1) Importer(815301076,1909f56bfc062723c751e8b465ee728b)
Start importing Assets/Readme.asset using Guid(83c2ed844a8c74b779a4c823d16594b1) Importer(815301076,1909f56bfc062723c751e8b465ee728b)  -> (artifact id: '8ffd2c44ffeb50c574abb5d0c4453328') in 0.145295 seconds 
  Import took 0.154275 seconds .

========================================================================
Received Import Request.
  Time since last request: 39.838333 seconds.
  path: Assets/Scenes
  artifactKey: Guid(d357f5350314c5a4492745de43df19ac) Importer(815301076,1909f56bfc062723c751e8b465ee728b)
Start importing Assets/Scenes using Guid(d357f5350314c5a4492745de43df19ac) Importer(815301076,1909f56bfc062723c751e8b465ee728b)  -> (artifact id: '281ee5becd1e3dcc2057fa04a93a7ed2') in 0.057450 seconds 
  Import took 0.077458 seconds .

========================================================================
Received Import Request.
  Time since last request: 15.154643 seconds.
  path: Assets/Scenes/ShaderGraph.unity
  artifactKey: Guid(62447c36b3641b241b790abcfca3259c) Importer(815301076,1909f56bfc062723c751e8b465ee728b)
Start importing Assets/Scenes/ShaderGraph.unity using Guid(62447c36b3641b241b790abcfca3259c) Importer(815301076,1909f56bfc062723c751e8b465ee728b)  -> (artifact id: '7b4331c2be1d2a06ffa58bcf1dfb437f') in 0.016753 seconds 
  Import took 0.023053 seconds .

========================================================================
Received Import Request.
  Time since last request: 249.436356 seconds.
  path: Assets/Scenes/Disolver1.mat
  artifactKey: Guid(18062a5220793824382c617cdb22675a) Importer(815301076,1909f56bfc062723c751e8b465ee728b)
Start importing Assets/Scenes/Disolver1.mat using Guid(18062a5220793824382c617cdb22675a) Importer(815301076,1909f56bfc062723c751e8b465ee728b)  -> (artifact id: '8f6f0e85b9a695120a1b0518e862517e') in 0.326229 seconds 
  Import took 0.332893 seconds .

========================================================================
Received Import Request.
  Time since last request: 29.232041 seconds.
  path: Assets/Scenes/NewSurfaceShader.shader
  artifactKey: Guid(7ec4a7d4bf6e99140a7062e19f3d2623) Importer(815301076,1909f56bfc062723c751e8b465ee728b)
Start importing Assets/Scenes/NewSurfaceShader.shader using Guid(7ec4a7d4bf6e99140a7062e19f3d2623) Importer(815301076,1909f56bfc062723c751e8b465ee728b)  -> (artifact id: '78cfb50b73b4a0090a8436c7854f96a2') in 0.017677 seconds 
  Import took 0.024926 seconds .

========================================================================
Received Import Request.
  Time since last request: 0.362313 seconds.
  path: Assets/Scenes/NewSurfaceShader.shader
  artifactKey: Guid(7ec4a7d4bf6e99140a7062e19f3d2623) Importer(815301076,1909f56bfc062723c751e8b465ee728b)
Start importing Assets/Scenes/NewSurfaceShader.shader using Guid(7ec4a7d4bf6e99140a7062e19f3d2623) Importer(815301076,1909f56bfc062723c751e8b465ee728b)  -> (artifact id: '78cfb50b73b4a0090a8436c7854f96a2') in 0.007902 seconds 
  Import took 0.017154 seconds .

========================================================================
Received Import Request.
  Time since last request: 22.116064 seconds.
  path: Assets/Scenes/New Shader Graph.shadergraph
  artifactKey: Guid(a8fb993b20dcd354d99c7753af0cfab6) Importer(815301076,1909f56bfc062723c751e8b465ee728b)
Start importing Assets/Scenes/New Shader Graph.shadergraph using Guid(a8fb993b20dcd354d99c7753af0cfab6) Importer(815301076,1909f56bfc062723c751e8b465ee728b)  -> (artifact id: '8b1f953e1f8180f16d7d9b01cacce6f1') in 0.010766 seconds 
  Import took 0.016013 seconds .

========================================================================
Received Import Request.
  Time since last request: 0.524712 seconds.
  path: Assets/Scenes/New Shader Graph.shadergraph
  artifactKey: Guid(a8fb993b20dcd354d99c7753af0cfab6) Importer(815301076,1909f56bfc062723c751e8b465ee728b)
Start importing Assets/Scenes/New Shader Graph.shadergraph using Guid(a8fb993b20dcd354d99c7753af0cfab6) Importer(815301076,1909f56bfc062723c751e8b465ee728b)  -> (artifact id: '8b1f953e1f8180f16d7d9b01cacce6f1') in 0.005844 seconds 
  Import took 0.011470 seconds .

========================================================================
Received Import Request.
  Time since last request: 124.336624 seconds.
  path: Assets/Scenes/New Shader Graph 1.shadergraph
  artifactKey: Guid(f6875427617183d4f901a311fa2a95e1) Importer(815301076,1909f56bfc062723c751e8b465ee728b)
Start importing Assets/Scenes/New Shader Graph 1.shadergraph using Guid(f6875427617183d4f901a311fa2a95e1) Importer(815301076,1909f56bfc062723c751e8b465ee728b)  -> (artifact id: '31b8a7dfdfa59800a554265d453310d2') in 0.007420 seconds 
  Import took 0.014023 seconds .

========================================================================
Received Import Request.
  Time since last request: 0.296161 seconds.
  path: Assets/Scenes/New Shader Graph 1.shadergraph
  artifactKey: Guid(f6875427617183d4f901a311fa2a95e1) Importer(815301076,1909f56bfc062723c751e8b465ee728b)
Start importing Assets/Scenes/New Shader Graph 1.shadergraph using Guid(f6875427617183d4f901a311fa2a95e1) Importer(815301076,1909f56bfc062723c751e8b465ee728b)  -> (artifact id: '31b8a7dfdfa59800a554265d453310d2') in 0.005480 seconds 
  Import took 0.016296 seconds .

AssetImportWorkerClient::OnTransportError - code=2 error=End of file
